2015/10/27 1:59:36 にビルドを開始しました。
     1>ノード 2 上のプロジェクト "C:\Users\T\Desktop\Numerical\Numerical\Numerical\numerical_recipe_vol1\numerical_recipe_vol1\numerical_recipe_vol1.vcxproj" (Build ターゲット)。
     1>ClCompile:
         C:\Program Files (x86)\Microsoft Visual Studio 12.0\VC\bin\CL.exe /c /I./include /ZI /nologo /W3 /WX- /Od /Oy- /D WIN32 /D _DEBUG /D _CONSOLE /D _LIB /D _UNICODE /D UNICODE /Gm /EHsc /RTC1 /MDd /GS /fp:precise /Zc:wchar_t /Zc:forScope /Fo"Debug\\" /Fd"Debug\vc120.pdb" /Gd /TP /analyze- /errorReport:prompt main.cpp
         main.cpp
     1>c:\users\t\desktop\numerical\numerical\numerical\numerical_recipe_vol1\numerical_recipe_vol1\main.cpp(46): warning C4018: '<' : signed と unsigned の数値を比較しようとしました。
     1>c:\users\t\desktop\numerical\numerical\numerical\numerical_recipe_vol1\numerical_recipe_vol1\main.cpp(55): warning C4244: '引数' : 'float' から 'int' への変換です。データが失われる可能性があります。
     1>c:\users\t\desktop\numerical\numerical\numerical\numerical_recipe_vol1\numerical_recipe_vol1\main.cpp(56): warning C4244: '引数' : 'float' から 'int' への変換です。データが失われる可能性があります。
     1>c:\users\t\desktop\numerical\numerical\numerical\numerical_recipe_vol1\numerical_recipe_vol1\main.cpp(83): warning C4018: '<' : signed と unsigned の数値を比較しようとしました。
     1>c:\users\t\desktop\numerical\numerical\numerical\numerical_recipe_vol1\numerical_recipe_vol1\main.cpp(85): warning C4018: '>' : signed と unsigned の数値を比較しようとしました。
     1>c:\users\t\desktop\numerical\numerical\numerical\numerical_recipe_vol1\numerical_recipe_vol1\main.cpp(110): warning C4244: '引数' : 'float' から 'unsigned int' への変換です。データが失われる可能性があります。
     1>c:\users\t\desktop\numerical\numerical\numerical\numerical_recipe_vol1\numerical_recipe_vol1\main.cpp(110): warning C4552: '-' : 演算子にプログラム上の作用がありません。作用を伴う演算子を使用してください
     1>c:\users\t\desktop\numerical\numerical\numerical\numerical_recipe_vol1\numerical_recipe_vol1\main.cpp(29): warning C4101: 'check_ans' : ローカル変数は 1 度も使われていません。
       Link:
         C:\Program Files (x86)\Microsoft Visual Studio 12.0\VC\bin\link.exe /ERRORREPORT:PROMPT /OUT:"C:\Users\T\Desktop\Numerical\Numerical\Numerical\numerical_recipe_vol1\Debug\numerical_recipe_vol1.exe" /INCREMENTAL /NOLOGO kernel32.lib user32.lib gdi32.lib winspool.lib comdlg32.lib advapi32.lib shell32.lib ole32.lib oleaut32.lib uuid.lib odbc32.lib odbccp32.lib /MANIFEST /MANIFESTUAC:"level='asInvoker' uiAccess='false'" /manifest:embed /DEBUG /PDB:"C:\Users\T\Desktop\Numerical\Numerical\Numerical\numerical_recipe_vol1\Debug\numerical_recipe_vol1.pdb" /SUBSYSTEM:CONSOLE /TLBID:1 /DYNAMICBASE /NXCOMPAT /IMPLIB:"C:\Users\T\Desktop\Numerical\Numerical\Numerical\numerical_recipe_vol1\Debug\numerical_recipe_vol1.lib" /MACHINE:X86 Debug\main.obj
         Debug\mynumerical.obj
         Debug\nrutil.obj
         numerical_recipe_vol1.vcxproj -> C:\Users\T\Desktop\Numerical\Numerical\Numerical\numerical_recipe_vol1\Debug\numerical_recipe_vol1.exe
     1>プロジェクト "C:\Users\T\Desktop\Numerical\Numerical\Numerical\numerical_recipe_vol1\numerical_recipe_vol1\numerical_recipe_vol1.vcxproj" (Build ターゲット) のビルドが完了しました。

ビルドに成功しました。

経過時間 00:00:00.85
